#
# There is insufficient memory for the Java Runtime Environment to continue.
# Native memory allocation (malloc) failed to allocate 167040 bytes for Chunk::new
# Possible reasons:
#   The system is out of physical RAM or swap space
#   The process is running with CompressedOops enabled, and the Java Heap may be blocking the growth of the native heap
# Possible solutions:
#   Reduce memory load on the system
#   Increase physical memory or swap space
#   Check if swap backing store is full
#   Decrease Java heap size (-Xmx/-Xms)
#   Decrease number of Java threads
#   Decrease Java thread stack sizes (-Xss)
#   Set larger code cache with -XX:ReservedCodeCacheSize=
#   JVM is running with Unscaled Compressed Oops mode in which the Java heap is
#     placed in the first 4GB address space. The Java Heap base address is the
#     maximum limit for the native heap growth. Please use -XX:HeapBaseMinAddress
#     to set the Java Heap base and to place the Java Heap above 4GB virtual address.
# This output file may be truncated or incomplete.
#
#  Out of Memory Error (arena.cpp:189), pid=2836, tid=764
#
# JRE version: OpenJDK Runtime Environment Temurin-17.0.2+8 (17.0.2+8) (build 17.0.2+8)
# Java VM: OpenJDK 64-Bit Server VM Temurin-17.0.2+8 (17.0.2+8, mixed mode, tiered, compressed oops, compressed class ptrs, parallel gc, windows-amd64)
# No core dump will be written. Minidumps are not enabled by default on client versions of Windows
#

---------------  S U M M A R Y ------------

Command Line: --add-modules=ALL-SYSTEM --add-opens=java.base/java.util=ALL-UNNAMED --add-opens=java.base/java.lang=ALL-UNNAMED --add-opens=java.base/sun.nio.fs=ALL-UNNAMED -Declipse.application=org.eclipse.jdt.ls.core.id1 -Dosgi.bundles.defaultStartLevel=4 -Declipse.product=org.eclipse.jdt.ls.core.product -Djava.import.generatesMetadataFilesAtProjectRoot=false -Dfile.encoding=utf8 -DwatchParentProcess=false -XX:+UseParallelGC -XX:GCTimeRatio=4 -XX:AdaptiveSizePolicyWeight=90 -Dsun.zip.disableMemoryMapping=true -Xmx1G -Xms100m c:\Users\admin\.vscode\extensions\redhat.java-1.5.0-win32-x64\server\plugins\org.eclipse.equinox.launcher_1.6.400.v20210924-0641.jar -configuration c:\Users\admin\AppData\Roaming\Code\User\globalStorage\redhat.java\1.5.0\config_ss_win -data c:\Users\admin\AppData\Roaming\Code\User\workspaceStorage\0bffa63791e19718a5398b0d89e2ee69\redhat.java\ss_ws

Host: Intel(R) Core(TM) i5-6300U CPU @ 2.40GHz, 4 cores, 7G,  Windows 10 , 64 bit Build 19041 (10.0.19041.1645)
Time: Tue May  3 11:12:37 2022 Eastern Daylight Time elapsed time: 1.095134 seconds (0d 0h 0m 1s)

---------------  T H R E A D  ---------------

Current thread (0x000001c4d9c26620):  JavaThread "C2 CompilerThread0" daemon [_thread_in_native, id=764, stack(0x000000bf2ba00000,0x000000bf2bb00000)]


Current CompileTask:
C2:   1095  580       4       java.util.HashMap::put (13 bytes)

Stack: [0x000000bf2ba00000,0x000000bf2bb00000]
Native frames: (J=compiled Java code, j=interpreted, Vv=VM code, C=native code)
V  [jvm.dll+0x67564a]
V  [jvm.dll+0x82fc04]
V  [jvm.dll+0x8313ae]
V  [jvm.dll+0x831a13]
V  [jvm.dll+0x245235]
V  [jvm.dll+0xabd7b]
V  [jvm.dll+0xac30c]
V  [jvm.dll+0x3631f7]
V  [jvm.dll+0x32d891]
V  [jvm.dll+0x32cd3a]
V  [jvm.dll+0x2180d1]
V  [jvm.dll+0x2174f1]
V  [jvm.dll+0x1a3a8d]
V  [jvm.dll+0x226ef8]
V  [jvm.dll+0x22503c]
V  [jvm.dll+0x7e596b]
V  [jvm.dll+0x7dff2a]
V  [jvm.dll+0x6744d5]
C  [ucrtbase.dll+0x21bb2]
C  [KERNEL32.DLL+0x17034]
C  [ntdll.dll+0x52651]


---------------  P R O C E S S  ---------------

Threads class SMR info:
_java_thread_list=0x000001c4db92e340, length=13, elements={
0x000001c4c3eacf20, 0x000001c4d9be2760, 0x000001c4d9be34e0, 0x000001c4d9c1d020,
0x000001c4d9c1dda0, 0x000001c4d9c1eb20, 0x000001c4d9c23970, 0x000001c4d9c26620,
0x000001c4db5e5210, 0x000001c4db5ffea0, 0x000001c4db690050, 0x000001c4db808020,
0x000001c4dbba2080
}

Java Threads: ( => current thread )
  0x000001c4c3eacf20 JavaThread "main" [_thread_in_vm, id=16044, stack(0x000000bf2b100000,0x000000bf2b200000)]
  0x000001c4d9be2760 JavaThread "Reference Handler" daemon [_thread_blocked, id=11324, stack(0x000000bf2b400000,0x000000bf2b500000)]
  0x000001c4d9be34e0 JavaThread "Finalizer" daemon [_thread_blocked, id=11544, stack(0x000000bf2b500000,0x000000bf2b600000)]
  0x000001c4d9c1d020 JavaThread "Signal Dispatcher" daemon [_thread_blocked, id=1336, stack(0x000000bf2b600000,0x000000bf2b700000)]
  0x000001c4d9c1dda0 JavaThread "Attach Listener" daemon [_thread_blocked, id=8528, stack(0x000000bf2b700000,0x000000bf2b800000)]
  0x000001c4d9c1eb20 JavaThread "Service Thread" daemon [_thread_blocked, id=15096, stack(0x000000bf2b800000,0x000000bf2b900000)]
  0x000001c4d9c23970 JavaThread "Monitor Deflation Thread" daemon [_thread_blocked, id=13804, stack(0x000000bf2b900000,0x000000bf2ba00000)]
=>0x000001c4d9c26620 JavaThread "C2 CompilerThread0" daemon [_thread_in_native, id=764, stack(0x000000bf2ba00000,0x000000bf2bb00000)]
  0x000001c4db5e5210 JavaThread "C1 CompilerThread0" daemon [_thread_blocked, id=4292, stack(0x000000bf2bb00000,0x000000bf2bc00000)]
  0x000001c4db5ffea0 JavaThread "Sweeper thread" daemon [_thread_blocked, id=9640, stack(0x000000bf2bc00000,0x000000bf2bd00000)]
  0x000001c4db690050 JavaThread "Common-Cleaner" daemon [_thread_blocked, id=13096, stack(0x000000bf2bd00000,0x000000bf2be00000)]
  0x000001c4db808020 JavaThread "Notification Thread" daemon [_thread_blocked, id=14560, stack(0x000000bf2be00000,0x000000bf2bf00000)]
  0x000001c4dbba2080 JavaThread "C2 CompilerThread1" daemon [_thread_in_native, id=15868, stack(0x000000bf2c000000,0x000000bf2c100000)]

Other Threads:
  0x000001c4d9bc9370 VMThread "VM Thread" [stack: 0x000000bf2b300000,0x000000bf2b400000] [id=5124]
  0x000001c4db6e26e0 WatcherThread [stack: 0x000000bf2bf00000,0x000000bf2c000000] [id=16828]
  0x000001c4c3ec4d80 GCTaskThread "GC Thread#0" [stack: 0x000000bf2b200000,0x000000bf2b300000] [id=16964]

Threads with active compile tasks:
C2 CompilerThread0     1131  580       4       java.util.HashMap::put (13 bytes)
C2 CompilerThread1     1132  538   !   4       java.util.jar.Attributes::read (498 bytes)

VM state: not at safepoint (normal execution)

VM Mutex/Monitor currently owned by a thread: None

Heap address: 0x00000000c0000000, size: 1024 MB, Compressed Oops mode: 32-bit

CDS archive(s) not mapped
Compressed class space mapped at: 0x0000000100000000-0x0000000140000000, reserved size: 1073741824
Narrow klass base: 0x0000000000000000, Narrow klass shift: 3, Narrow klass range: 0x140000000

GC Precious Log:
 CPUs: 4 total, 4 available
 Memory: 8008M
 Large Page Support: Disabled
 NUMA Support: Disabled
 Compressed Oops: Enabled (32-bit)
 Alignments: Space 512K, Generation 512K, Heap 2M
 Heap Min Capacity: 100M
 Heap Initial Capacity: 100M
 Heap Max Capacity: 1G
 Pre-touch: Disabled
 Parallel Workers: 4

Heap:
 PSYoungGen      total 29696K, used 11680K [0x00000000eab00000, 0x00000000ecc00000, 0x0000000100000000)
  eden space 25600K, 45% used [0x00000000eab00000,0x00000000eb668110,0x00000000ec400000)
  from space 4096K, 0% used [0x00000000ec800000,0x00000000ec800000,0x00000000ecc00000)
  to   space 4096K, 0% used [0x00000000ec400000,0x00000000ec400000,0x00000000ec800000)
 ParOldGen       total 68608K, used 0K [0x00000000c0000000, 0x00000000c4300000, 0x00000000eab00000)
  object space 68608K, 0% used [0x00000000c0000000,0x00000000c0000000,0x00000000c4300000)
 Metaspace       used 9165K, committed 9280K, reserved 1064960K
  class space    used 909K, committed 960K, reserved 1048576K

Card table byte_map: [0x000001c4d74f0000,0x000001c4d7700000] _byte_map_base: 0x000001c4d6ef0000

Marking Bits: (ParMarkBitMap*) 0x00007ff893cb3af0
 Begin Bits: [0x000001c4d7860000, 0x000001c4d8860000)
 End Bits:   [0x000001c4d8860000, 0x000001c4d9860000)

Polling page: 0x000001c4c3d00000

Metaspace:

Usage:
  Non-class:      8.06 MB used.
      Class:    909.43 KB used.
       Both:      8.95 MB used.

Virtual space:
  Non-class space:       16.00 MB reserved,       8.12 MB ( 51%) committed,  2 nodes.
      Class space:        1.00 GB reserved,     960.00 KB ( <1%) committed,  1 nodes.
             Both:        1.02 GB reserved,       9.06 MB ( <1%) committed. 

Chunk freelists:
   Non-Class:  3.84 MB
       Class:  2.95 MB
        Both:  6.80 MB

MaxMetaspaceSize: unlimited
CompressedClassSpaceSize: 1.00 GB
Initial GC threshold: 21.00 MB
Current GC threshold: 21.00 MB
CDS: off
MetaspaceReclaimPolicy: balanced
 - commit_granule_bytes: 65536.
 - commit_granule_words: 8192.
 - virtual_space_node_default_size: 1048576.
 - enlarge_chunks_in_place: 1.
 - new_chunks_are_fully_committed: 0.
 - uncommit_free_chunks: 1.
 - use_allocation_guard: 0.
 - handle_deallocations: 1.


Internal statistics:

num_allocs_failed_limit: 0.
num_arena_births: 12.
num_arena_deaths: 0.
num_vsnodes_births: 3.
num_vsnodes_deaths: 0.
num_space_committed: 145.
num_space_uncommitted: 0.
num_chunks_returned_to_freelist: 0.
num_chunks_taken_from_freelist: 55.
num_chunk_merges: 0.
num_chunk_splits: 25.
num_chunks_enlarged: 17.
num_purges: 0.
num_inconsistent_stats: 0.

CodeHeap 'non-profiled nmethods': size=120000Kb used=197Kb max_used=197Kb free=119802Kb
 bounds [0x000001c4cfde0000, 0x000001c4d0050000, 0x000001c4d7310000]
CodeHeap 'profiled nmethods': size=120000Kb used=975Kb max_used=975Kb free=119024Kb
 bounds [0x000001c4c88b0000, 0x000001c4c8b20000, 0x000001c4cfde0000]
CodeHeap 'non-nmethods': size=5760Kb used=1129Kb max_used=1141Kb free=4630Kb
 bounds [0x000001c4c8310000, 0x000001c4c8580000, 0x000001c4c88b0000]
 total_blobs=1012 nmethods=596 adapters=331
 compilation: enabled
              stopped_count=0, restarted_count=0
 full_count=0

Compilation events (20 events):
Event: 1.079 Thread 0x000001c4db5e5210  582       1       jdk.internal.jimage.ImageHeader::getTableLength (5 bytes)
Event: 1.079 Thread 0x000001c4db5e5210 nmethod 582 0x000001c4cfe10790 code [0x000001c4cfe10920, 0x000001c4cfe109f8]
Event: 1.080 Thread 0x000001c4db5e5210  583   !   3       java.nio.DirectIntBufferU::get (34 bytes)
Event: 1.081 Thread 0x000001c4db5e5210 nmethod 583 0x000001c4c899df90 code [0x000001c4c899e1c0, 0x000001c4c899e9d8]
Event: 1.081 Thread 0x000001c4db5e5210  584       3       java.nio.DirectIntBufferU::ix (10 bytes)
Event: 1.081 Thread 0x000001c4db5e5210 nmethod 584 0x000001c4c899ee90 code [0x000001c4c899f020, 0x000001c4c899f138]
Event: 1.081 Thread 0x000001c4db5e5210  586       3       java.util.Arrays::copyOf (10 bytes)
Event: 1.081 Thread 0x000001c4db5e5210 nmethod 586 0x000001c4c899f210 code [0x000001c4c899f3c0, 0x000001c4c899f508]
Event: 1.081 Thread 0x000001c4db5e5210  587       3       java.lang.StringLatin1::inflate (34 bytes)
Event: 1.082 Thread 0x000001c4db5e5210 nmethod 587 0x000001c4c899f610 code [0x000001c4c899f7c0, 0x000001c4c899f9d8]
Event: 1.088 Thread 0x000001c4db5e5210  588       3       java.util.Properties::getProperty (50 bytes)
Event: 1.089 Thread 0x000001c4db5e5210 nmethod 588 0x000001c4c899fb90 code [0x000001c4c899fd60, 0x000001c4c89a0238]
Event: 1.089 Thread 0x000001c4db5e5210  589       3       java.util.ArrayList::toArray (57 bytes)
Event: 1.090 Thread 0x000001c4db5e5210 nmethod 589 0x000001c4c89a0390 code [0x000001c4c89a0560, 0x000001c4c89a0a58]
Event: 1.091 Thread 0x000001c4db5e5210  590       3       java.lang.ClassLoader::getClassLoadingLock (35 bytes)
Event: 1.092 Thread 0x000001c4db5e5210 nmethod 590 0x000001c4c89a0b90 code [0x000001c4c89a0d40, 0x000001c4c89a1048]
Event: 1.092 Thread 0x000001c4db5e5210  591       3       java.lang.ClassLoader::findLoadedClass (15 bytes)
Event: 1.092 Thread 0x000001c4db5e5210 nmethod 591 0x000001c4c89a1190 code [0x000001c4c89a1340, 0x000001c4c89a1538]
Event: 1.092 Thread 0x000001c4db5e5210  593       3       java.lang.ref.SoftReference::get (29 bytes)
Event: 1.092 Thread 0x000001c4db5e5210 nmethod 593 0x000001c4c89a1610 code [0x000001c4c89a17a0, 0x000001c4c89a1958]

GC Heap History (0 events):
No events

Deoptimization events (20 events):
Event: 1.050 Thread 0x000001c4c3eacf20 DEOPT PACKING pc=0x000001c4c8961380 sp=0x000000bf2b1fd4a0
Event: 1.050 Thread 0x000001c4c3eacf20 DEOPT UNPACKING pc=0x000001c4c8362843 sp=0x000000bf2b1fc910 mode 0
Event: 1.050 Thread 0x000001c4c3eacf20 DEOPT PACKING pc=0x000001c4c8961380 sp=0x000000bf2b1fd4a0
Event: 1.050 Thread 0x000001c4c3eacf20 DEOPT UNPACKING pc=0x000001c4c8362843 sp=0x000000bf2b1fc910 mode 0
Event: 1.075 Thread 0x000001c4c3eacf20 Uncommon trap: trap_request=0xffffffde fr.pc=0x000001c4cfe04c08 relative=0x0000000000000a48
Event: 1.075 Thread 0x000001c4c3eacf20 Uncommon trap: reason=class_check action=maybe_recompile pc=0x000001c4cfe04c08 method=java.util.HashMap.putVal(ILjava/lang/Object;Ljava/lang/Object;ZZ)Ljava/lang/Object; @ 203 c2
Event: 1.075 Thread 0x000001c4c3eacf20 DEOPT PACKING pc=0x000001c4cfe04c08 sp=0x000000bf2b1fd850
Event: 1.076 Thread 0x000001c4c3eacf20 DEOPT UNPACKING pc=0x000001c4c83620a3 sp=0x000000bf2b1fd768 mode 2
Event: 1.076 Thread 0x000001c4c3eacf20 Uncommon trap: trap_request=0xffffffde fr.pc=0x000001c4cfe04c08 relative=0x0000000000000a48
Event: 1.076 Thread 0x000001c4c3eacf20 Uncommon trap: reason=class_check action=maybe_recompile pc=0x000001c4cfe04c08 method=java.util.HashMap.putVal(ILjava/lang/Object;Ljava/lang/Object;ZZ)Ljava/lang/Object; @ 203 c2
Event: 1.076 Thread 0x000001c4c3eacf20 DEOPT PACKING pc=0x000001c4cfe04c08 sp=0x000000bf2b1fd850
Event: 1.076 Thread 0x000001c4c3eacf20 DEOPT UNPACKING pc=0x000001c4c83620a3 sp=0x000000bf2b1fd768 mode 2
Event: 1.076 Thread 0x000001c4c3eacf20 Uncommon trap: trap_request=0xffffffde fr.pc=0x000001c4cfe04c08 relative=0x0000000000000a48
Event: 1.076 Thread 0x000001c4c3eacf20 Uncommon trap: reason=class_check action=maybe_recompile pc=0x000001c4cfe04c08 method=java.util.HashMap.putVal(ILjava/lang/Object;Ljava/lang/Object;ZZ)Ljava/lang/Object; @ 203 c2
Event: 1.076 Thread 0x000001c4c3eacf20 DEOPT PACKING pc=0x000001c4cfe04c08 sp=0x000000bf2b1fd850
Event: 1.076 Thread 0x000001c4c3eacf20 DEOPT UNPACKING pc=0x000001c4c83620a3 sp=0x000000bf2b1fd768 mode 2
Event: 1.076 Thread 0x000001c4c3eacf20 Uncommon trap: trap_request=0xffffffde fr.pc=0x000001c4cfe04c08 relative=0x0000000000000a48
Event: 1.076 Thread 0x000001c4c3eacf20 Uncommon trap: reason=class_check action=maybe_recompile pc=0x000001c4cfe04c08 method=java.util.HashMap.putVal(ILjava/lang/Object;Ljava/lang/Object;ZZ)Ljava/lang/Object; @ 203 c2
Event: 1.076 Thread 0x000001c4c3eacf20 DEOPT PACKING pc=0x000001c4cfe04c08 sp=0x000000bf2b1fd850
Event: 1.076 Thread 0x000001c4c3eacf20 DEOPT UNPACKING pc=0x000001c4c83620a3 sp=0x000000bf2b1fd768 mode 2

Classes unloaded (0 events):
No events

Classes redefined (0 events):
No events

Internal exceptions (7 events):
Event: 0.374 Thread 0x000001c4c3eacf20 Exception <a 'java/lang/NoSuchMethodError'{0x00000000eacb2080}: 'void java.lang.invoke.DirectMethodHandle$Holder.invokeStatic(java.lang.Object, java.lang.Object, java.lang.Object)'> (0x00000000eacb2080) 
thrown [e:\jenkins\tmp\workspace\build\src\src\hotspot\share\interpreter\linkResolver.cpp, line 766]
Event: 0.779 Thread 0x000001c4c3eacf20 Exception <a 'java/lang/ClassNotFoundException'{0x00000000eaf79090}: sun/net/www/protocol/c/Handler> (0x00000000eaf79090) 
thrown [e:\jenkins\tmp\workspace\build\src\src\hotspot\share\classfile\systemDictionary.cpp, line 256]
Event: 0.797 Thread 0x000001c4c3eacf20 Exception <a 'java/io/FileNotFoundException'{0x00000000eaf87940}> (0x00000000eaf87940) 
thrown [e:\jenkins\tmp\workspace\build\src\src\hotspot\share\prims\jni.cpp, line 516]
Event: 0.797 Thread 0x000001c4c3eacf20 Exception <a 'java/io/FileNotFoundException'{0x00000000eaf88650}> (0x00000000eaf88650) 
thrown [e:\jenkins\tmp\workspace\build\src\src\hotspot\share\prims\jni.cpp, line 516]
Event: 0.797 Thread 0x000001c4c3eacf20 Exception <a 'java/io/FileNotFoundException'{0x00000000eaf89340}> (0x00000000eaf89340) 
thrown [e:\jenkins\tmp\workspace\build\src\src\hotspot\share\prims\jni.cpp, line 516]
Event: 0.798 Thread 0x000001c4c3eacf20 Exception <a 'java/io/FileNotFoundException'{0x00000000eaf8a000}> (0x00000000eaf8a000) 
thrown [e:\jenkins\tmp\workspace\build\src\src\hotspot\share\prims\jni.cpp, line 516]
Event: 0.809 Thread 0x000001c4c3eacf20 Exception <a 'java/io/FileNotFoundException'{0x00000000eafab6a8}> (0x00000000eafab6a8) 
thrown [e:\jenkins\tmp\workspace\build\src\src\hotspot\share\prims\jni.cpp, line 516]

VM Operations (2 events):
Event: 0.386 Executing VM operation: HandshakeAllThreads
Event: 0.386 Executing VM operation: HandshakeAllThreads done

Events (20 events):
Event: 1.009 loading class java/util/NoSuchElementException
Event: 1.009 loading class java/util/NoSuchElementException done
Event: 1.023 loading class java/io/Reader
Event: 1.023 loading class java/io/Reader done
Event: 1.023 loading class java/io/InputStreamReader
Event: 1.024 loading class java/io/InputStreamReader done
Event: 1.026 loading class java/net/URLClassLoader$2
Event: 1.026 loading class java/net/URLClassLoader$2 done
Event: 1.034 loading class sun/net/www/protocol/jar/URLJarFile$URLJarFileEntry
Event: 1.034 loading class sun/net/www/protocol/jar/URLJarFile$URLJarFileEntry done
Event: 1.034 loading class sun/net/www/protocol/jar/JarURLConnection$JarURLInputStream
Event: 1.034 loading class sun/net/www/protocol/jar/JarURLConnection$JarURLInputStream done
Event: 1.069 loading class java/io/BufferedReader
Event: 1.072 loading class java/io/BufferedReader done
Event: 1.072 loading class sun/nio/cs/StreamDecoder
Event: 1.072 loading class sun/nio/cs/StreamDecoder done
Event: 1.072 loading class sun/nio/cs/UTF_8$Decoder
Event: 1.073 loading class sun/nio/cs/UTF_8$Decoder done
Event: 1.073 loading class java/nio/charset/CoderResult
Event: 1.073 loading class java/nio/charset/CoderResult done


Dynamic libraries:
0x00007ff748560000 - 0x00007ff74856e000 	c:\Users\admin\.vscode\extensions\redhat.java-1.5.0-win32-x64\jre\17.0.2-win32-x86_64\bin\java.exe
0x00007ff8e4dd0000 - 0x00007ff8e4fc5000 	C:\WINDOWS\SYSTEM32\ntdll.dll
0x00007ff8e3e10000 - 0x00007ff8e3ece000 	C:\WINDOWS\System32\KERNEL32.DLL
0x00007ff8e24f0000 - 0x00007ff8e27b8000 	C:\WINDOWS\System32\KERNELBASE.dll
0x00007ff8e2af0000 - 0x00007ff8e2bf0000 	C:\WINDOWS\System32\ucrtbase.dll
0x00007ff8d03c0000 - 0x00007ff8d03d8000 	c:\Users\admin\.vscode\extensions\redhat.java-1.5.0-win32-x64\jre\17.0.2-win32-x86_64\bin\jli.dll
0x00007ff8e2e40000 - 0x00007ff8e2fe0000 	C:\WINDOWS\System32\USER32.dll
0x00007ff8e27c0000 - 0x00007ff8e27e2000 	C:\WINDOWS\System32\win32u.dll
0x00007ff8e3fe0000 - 0x00007ff8e400a000 	C:\WINDOWS\System32\GDI32.dll
0x00007ff8e2bf0000 - 0x00007ff8e2cfb000 	C:\WINDOWS\System32\gdi32full.dll
0x00007ff8e27f0000 - 0x00007ff8e288d000 	C:\WINDOWS\System32\msvcp_win.dll
0x00007ff8d62a0000 - 0x00007ff8d62b9000 	c:\Users\admin\.vscode\extensions\redhat.java-1.5.0-win32-x64\jre\17.0.2-win32-x86_64\bin\VCRUNTIME140.dll
0x00007ff8d0560000 - 0x00007ff8d07fa000 	C:\WINDOWS\WinSxS\amd64_microsoft.windows.common-controls_6595b64144ccf1df_6.0.19041.1110_none_60b5254171f9507e\COMCTL32.dll
0x00007ff8e3c60000 - 0x00007ff8e3cfe000 	C:\WINDOWS\System32\msvcrt.dll
0x00007ff8e3fb0000 - 0x00007ff8e3fe0000 	C:\WINDOWS\System32\IMM32.DLL
0x00007ff8dd530000 - 0x00007ff8dd53c000 	c:\Users\admin\.vscode\extensions\redhat.java-1.5.0-win32-x64\jre\17.0.2-win32-x86_64\bin\vcruntime140_1.dll
0x00007ff8c1080000 - 0x00007ff8c1111000 	c:\Users\admin\.vscode\extensions\redhat.java-1.5.0-win32-x64\jre\17.0.2-win32-x86_64\bin\msvcp140.dll
0x00007ff893130000 - 0x00007ff893d77000 	c:\Users\admin\.vscode\extensions\redhat.java-1.5.0-win32-x64\jre\17.0.2-win32-x86_64\bin\server\jvm.dll
0x00007ff8e3bb0000 - 0x00007ff8e3c5e000 	C:\WINDOWS\System32\ADVAPI32.dll
0x00007ff8e4250000 - 0x00007ff8e42ec000 	C:\WINDOWS\System32\sechost.dll
0x00007ff8e42f0000 - 0x00007ff8e4415000 	C:\WINDOWS\System32\RPCRT4.dll
0x00007ff8e2e30000 - 0x00007ff8e2e38000 	C:\WINDOWS\System32\PSAPI.DLL
0x00007ff8cb480000 - 0x00007ff8cb489000 	C:\WINDOWS\SYSTEM32\WSOCK32.dll
0x00007ff8e3a70000 - 0x00007ff8e3adb000 	C:\WINDOWS\System32\WS2_32.dll
0x00007ff8cffe0000 - 0x00007ff8d0007000 	C:\WINDOWS\SYSTEM32\WINMM.dll
0x00007ff8d7be0000 - 0x00007ff8d7bea000 	C:\WINDOWS\SYSTEM32\VERSION.dll
0x00007ff8e0df0000 - 0x00007ff8e0e02000 	C:\WINDOWS\SYSTEM32\kernel.appcore.dll
0x00007ff8da480000 - 0x00007ff8da48a000 	c:\Users\admin\.vscode\extensions\redhat.java-1.5.0-win32-x64\jre\17.0.2-win32-x86_64\bin\jimage.dll
0x00007ff8e0300000 - 0x00007ff8e04e4000 	C:\WINDOWS\SYSTEM32\DBGHELP.DLL
0x00007ff8cb8b0000 - 0x00007ff8cb8dc000 	C:\WINDOWS\SYSTEM32\dbgcore.DLL
0x00007ff8e2a60000 - 0x00007ff8e2ae2000 	C:\WINDOWS\System32\bcryptPrimitives.dll
0x00007ff8d0390000 - 0x00007ff8d03b5000 	c:\Users\admin\.vscode\extensions\redhat.java-1.5.0-win32-x64\jre\17.0.2-win32-x86_64\bin\java.dll
0x00007ff8c69d0000 - 0x00007ff8c69e8000 	c:\Users\admin\.vscode\extensions\redhat.java-1.5.0-win32-x64\jre\17.0.2-win32-x86_64\bin\zip.dll
0x00007ff8e4510000 - 0x00007ff8e4c54000 	C:\WINDOWS\System32\SHELL32.dll
0x00007ff8e04f0000 - 0x00007ff8e0c84000 	C:\WINDOWS\SYSTEM32\windows.storage.dll
0x00007ff8e2fe0000 - 0x00007ff8e3334000 	C:\WINDOWS\System32\combase.dll
0x00007ff8e1e90000 - 0x00007ff8e1ebc000 	C:\WINDOWS\SYSTEM32\Wldp.dll
0x00007ff8e4070000 - 0x00007ff8e411d000 	C:\WINDOWS\System32\SHCORE.dll
0x00007ff8e4010000 - 0x00007ff8e4065000 	C:\WINDOWS\System32\shlwapi.dll
0x00007ff8e2430000 - 0x00007ff8e244f000 	C:\WINDOWS\SYSTEM32\profapi.dll
0x00007ff8c1540000 - 0x00007ff8c1559000 	C:\Users\admin\.vscode\extensions\redhat.java-1.5.0-win32-x64\jre\17.0.2-win32-x86_64\bin\net.dll
0x00007ff8d1970000 - 0x00007ff8d1a7a000 	C:\WINDOWS\SYSTEM32\WINHTTP.dll
0x00007ff8e1bf0000 - 0x00007ff8e1c5a000 	C:\WINDOWS\system32\mswsock.dll
0x00007ff8c14f0000 - 0x00007ff8c1505000 	C:\Users\admin\.vscode\extensions\redhat.java-1.5.0-win32-x64\jre\17.0.2-win32-x86_64\bin\nio.dll

dbghelp: loaded successfully - version: 4.0.5 - missing functions: none
symbol engine: initialized successfully - sym options: 0x614 - pdb path: .;c:\Users\admin\.vscode\extensions\redhat.java-1.5.0-win32-x64\jre\17.0.2-win32-x86_64\bin;C:\WINDOWS\SYSTEM32;C:\WINDOWS\WinSxS\amd64_microsoft.windows.common-controls_6595b64144ccf1df_6.0.19041.1110_none_60b5254171f9507e;c:\Users\admin\.vscode\extensions\redhat.java-1.5.0-win32-x64\jre\17.0.2-win32-x86_64\bin\server

VM Arguments:
jvm_args: --add-modules=ALL-SYSTEM --add-opens=java.base/java.util=ALL-UNNAMED --add-opens=java.base/java.lang=ALL-UNNAMED --add-opens=java.base/sun.nio.fs=ALL-UNNAMED -Declipse.application=org.eclipse.jdt.ls.core.id1 -Dosgi.bundles.defaultStartLevel=4 -Declipse.product=org.eclipse.jdt.ls.core.product -Djava.import.generatesMetadataFilesAtProjectRoot=false -Dfile.encoding=utf8 -DwatchParentProcess=false -XX:+UseParallelGC -XX:GCTimeRatio=4 -XX:AdaptiveSizePolicyWeight=90 -Dsun.zip.disableMemoryMapping=true -Xmx1G -Xms100m 
java_command: c:\Users\admin\.vscode\extensions\redhat.java-1.5.0-win32-x64\server\plugins\org.eclipse.equinox.launcher_1.6.400.v20210924-0641.jar -configuration c:\Users\admin\AppData\Roaming\Code\User\globalStorage\redhat.java\1.5.0\config_ss_win -data c:\Users\admin\AppData\Roaming\Code\User\workspaceStorage\0bffa63791e19718a5398b0d89e2ee69\redhat.java\ss_ws
java_class_path (initial): c:\Users\admin\.vscode\extensions\redhat.java-1.5.0-win32-x64\server\plugins\org.eclipse.equinox.launcher_1.6.400.v20210924-0641.jar
Launcher Type: SUN_STANDARD

[Global flags]
    uintx AdaptiveSizePolicyWeight                 = 90                                        {product} {command line}
     intx CICompilerCount                          = 3                                         {product} {ergonomic}
    uintx GCTimeRatio                              = 4                                         {product} {command line}
   size_t InitialHeapSize                          = 104857600                                 {product} {command line}
   size_t MaxHeapSize                              = 1073741824                                {product} {command line}
   size_t MaxNewSize                               = 357564416                                 {product} {ergonomic}
   size_t MinHeapDeltaBytes                        = 524288                                    {product} {ergonomic}
   size_t MinHeapSize                              = 104857600                                 {product} {command line}
   size_t NewSize                                  = 34603008                                  {product} {ergonomic}
    uintx NonNMethodCodeHeapSize                   = 5832780                                {pd product} {ergonomic}
    uintx NonProfiledCodeHeapSize                  = 122912730                              {pd product} {ergonomic}
   size_t OldSize                                  = 70254592                                  {product} {ergonomic}
    uintx ProfiledCodeHeapSize                     = 122912730                              {pd product} {ergonomic}
    uintx ReservedCodeCacheSize                    = 251658240                              {pd product} {ergonomic}
     bool SegmentedCodeCache                       = true                                      {product} {ergonomic}
   size_t SoftMaxHeapSize                          = 1073741824                             {manageable} {ergonomic}
     bool UseCompressedClassPointers               = true                           {product lp64_product} {ergonomic}
     bool UseCompressedOops                        = true                           {product lp64_product} {ergonomic}
     bool UseLargePagesIndividualAllocation        = false                                  {pd product} {ergonomic}
     bool UseParallelGC                            = true                                      {product} {command line}

Logging:
Log output configuration:
 #0: stdout all=warning uptime,level,tags
 #1: stderr all=off uptime,level,tags

Environment Variables:
JAVA_HOME=C:\Program Files\Java\jdk-11.0.15
PATH=C:\Program Files\Common Files\Oracle\Java\javapath;C:\Program Files (x86)\Common Files\Oracle\Java\javapath;C:\Program Files (x86)\NVIDIA Corporation\PhysX\Common;C:\ProgramData\Oracle\Java\javapath;C:\WINDOWS\system32;C:\WINDOWS;C:\WINDOWS\System32\Wbem;C:\WINDOWS\System32\WindowsPowerShell\v1.0\;C:\Program Files (x86)\Skype\Phone\;C:\Program Files\WIDCOMM\Bluetooth Software\;C:\Program Files\WIDCOMM\Bluetooth Software\syswow64;C:\WINDOWS\System32\OpenSSH\;C:\Program Files\Notepad++;C:\Program Files\Git\cmd;C:\Program Files (x86)\nodejs\;C:\WIN-Program\apache-maven-3.8.5\bin;C:\Program Files\Java\jdk-11.0.15\bin;C:\Users\admin\AppData\Local\Microsoft\WindowsApps;C:\Program Files\Intel\WiFi\bin\;C:\Program Files\Common Files\Intel\WirelessCommon\;C:\Users\admin\AppData\Local\Programs\Microsoft VS Code\bin;C:\Users\admin\AppData\Roaming\npm;C:\WIN-Program\apache-maven-3.8.5\bin;%JAVA_HOME\bin;
USERNAME=admin
OS=Windows_NT
PROCESSOR_IDENTIFIER=Intel64 Family 6 Model 78 Stepping 3, GenuineIntel



---------------  S Y S T E M  ---------------

OS:
 Windows 10 , 64 bit Build 19041 (10.0.19041.1645)
OS uptime: 4 days 1:07 hours

CPU: total 4 (initial active 4) (2 cores per cpu, 2 threads per core) family 6 model 78 stepping 3 microcode 0xec, cx8, cmov, fxsr, ht, mmx, 3dnowpref, sse, sse2, sse3, ssse3, sse4.1, sse4.2, popcnt, lzcnt, tsc, tscinvbit, avx, avx2, aes, erms, clmul, bmi1, bmi2, rtm, adx, fma, vzeroupper, clflush, clflushopt

Memory: 4k page, system-wide physical 8008M (915M free)
TotalPageFile size 12008M (AvailPageFile size 2M)
current process WorkingSet (physical memory assigned to process): 53M, peak: 53M
current process commit charge ("private bytes"): 182M, peak: 183M

vm_info: OpenJDK 64-Bit Server VM (17.0.2+8) for windows-amd64 JRE (17.0.2+8), built on Jan 20 2022 04:52:34 by "" with MS VC++ 16.7 (VS2019)

END.
